\BOOKMARK [0][-]{chapter.1}{\376\377\0001\000\040\000P\000\341\000g\000i\000n\000a\000\040\000p\000r\000i\000n\000c\000i\000p\000a\000l}{}% 1
\BOOKMARK [0][-]{chapter.2}{\376\377\0002\000\040\000I\000n\000d\000i\000c\000e\000\040\000j\000e\000r\000\341\000r\000q\000u\000i\000c\000o}{}% 2
\BOOKMARK [1][-]{section.2.1}{\376\377\0002\000.\0001\000\040\000J\000e\000r\000a\000r\000q\000u\000\355\000a\000\040\000d\000e\000\040\000l\000a\000\040\000c\000l\000a\000s\000e}{chapter.2}% 3
\BOOKMARK [0][-]{chapter.3}{\376\377\0003\000\040\000\315\000n\000d\000i\000c\000e\000\040\000d\000e\000\040\000c\000l\000a\000s\000e\000s}{}% 4
\BOOKMARK [1][-]{section.3.1}{\376\377\0003\000.\0001\000\040\000L\000i\000s\000t\000a\000\040\000d\000e\000\040\000c\000l\000a\000s\000e\000s}{chapter.3}% 5
\BOOKMARK [0][-]{chapter.4}{\376\377\0004\000\040\000I\000n\000d\000i\000c\000e\000\040\000d\000e\000\040\000a\000r\000c\000h\000i\000v\000o\000s}{}% 6
\BOOKMARK [1][-]{section.4.1}{\376\377\0004\000.\0001\000\040\000L\000i\000s\000t\000a\000\040\000d\000e\000\040\000a\000r\000c\000h\000i\000v\000o\000s}{chapter.4}% 7
\BOOKMARK [0][-]{chapter.5}{\376\377\0005\000\040\000D\000o\000c\000u\000m\000e\000n\000t\000a\000c\000i\000\363\000n\000\040\000d\000e\000\040\000l\000a\000s\000\040\000c\000l\000a\000s\000e\000s}{}% 8
\BOOKMARK [1][-]{section.5.1}{\376\377\0005\000.\0001\000\040\000R\000e\000f\000e\000r\000e\000n\000c\000i\000a\000\040\000d\000e\000\040\000l\000a\000\040\000p\000l\000a\000n\000t\000i\000l\000l\000a\000\040\000d\000e\000\040\000l\000a\000\040\000C\000l\000a\000s\000e\000\040\000B\000i\000n\000T\000r\000e\000e\000<\000\040\000T\000\040\000>}{chapter.5}% 9
\BOOKMARK [2][-]{subsection.5.1.1}{\376\377\0005\000.\0001\000.\0001\000\040\000D\000e\000s\000c\000r\000i\000p\000c\000i\000\363\000n\000\040\000d\000e\000t\000a\000l\000l\000a\000d\000a}{section.5.1}% 10
\BOOKMARK [2][-]{subsection.5.1.2}{\376\377\0005\000.\0001\000.\0002\000\040\000D\000o\000c\000u\000m\000e\000n\000t\000a\000c\000i\000\363\000n\000\040\000d\000e\000l\000\040\000c\000o\000n\000s\000t\000r\000u\000c\000t\000o\000r\000\040\000y\000\040\000d\000e\000s\000t\000r\000u\000c\000t\000o\000r}{section.5.1}% 11
\BOOKMARK [3][-]{subsubsection.5.1.2.1}{\376\377\0005\000.\0001\000.\0002\000.\0001\000\040\000B\000i\000n\000T\000r\000e\000e\000\050\000s\000h\000a\000r\000e\000d\000p\000t\000r\000<\000N\000o\000d\000e\000\040\000>\000p\000\051}{subsection.5.1.2}% 12
\BOOKMARK [3][-]{subsubsection.5.1.2.2}{\376\377\0005\000.\0001\000.\0002\000.\0002\000\040\000B\000i\000n\000T\000r\000e\000e\000\050\000\051}{subsection.5.1.2}% 13
\BOOKMARK [3][-]{subsubsection.5.1.2.3}{\376\377\0005\000.\0001\000.\0002\000.\0003\000\040\000B\000i\000n\000T\000r\000e\000e\000\050\000c\000o\000n\000s\000t\000\040\000T\000\040\000x\000\051}{subsection.5.1.2}% 14
\BOOKMARK [3][-]{subsubsection.5.1.2.4}{\376\377\0005\000.\0001\000.\0002\000.\0004\000\040\000B\000i\000n\000T\000r\000e\000e\000\050\000c\000o\000n\000s\000t\000\040\000T\000\040\000x\000,\000\040\000c\000o\000n\000s\000t\000\040\000B\000i\000n\000T\000r\000e\000e\000\040\000l\000e\000f\000t\000,\000\040\000c\000o\000n\000s\000t\000\040\000B\000i\000n\000T\000r\000e\000e\000\040\000r\000i\000g\000h\000t\000\051}{subsection.5.1.2}% 15
\BOOKMARK [2][-]{subsection.5.1.3}{\376\377\0005\000.\0001\000.\0003\000\040\000D\000o\000c\000u\000m\000e\000n\000t\000a\000c\000i\000\363\000n\000\040\000d\000e\000\040\000l\000a\000s\000\040\000f\000u\000n\000c\000i\000o\000n\000e\000s\000\040\000m\000i\000e\000m\000b\000r\000o}{section.5.1}% 16
\BOOKMARK [3][-]{subsubsection.5.1.3.1}{\376\377\0005\000.\0001\000.\0003\000.\0001\000\040\000e\000m\000p\000t\000y\000\050\000\051\000\040\000c\000o\000n\000s\000t\000\040}{subsection.5.1.3}% 17
\BOOKMARK [3][-]{subsubsection.5.1.3.2}{\376\377\0005\000.\0001\000.\0003\000.\0002\000\040\000l\000e\000f\000t\000\050\000\051\000\040\000c\000o\000n\000s\000t\000\040}{subsection.5.1.3}% 18
\BOOKMARK [3][-]{subsubsection.5.1.3.3}{\376\377\0005\000.\0001\000.\0003\000.\0003\000\040\000r\000i\000g\000h\000t\000\050\000\051\000\040\000c\000o\000n\000s\000t\000\040}{subsection.5.1.3}% 19
\BOOKMARK [3][-]{subsubsection.5.1.3.4}{\376\377\0005\000.\0001\000.\0003\000.\0004\000\040\000v\000a\000l\000u\000e\000\050\000\051\000\040\000c\000o\000n\000s\000t\000\040}{subsection.5.1.3}% 20
\BOOKMARK [2][-]{subsection.5.1.4}{\376\377\0005\000.\0001\000.\0004\000\040\000D\000o\000c\000u\000m\000e\000n\000t\000a\000c\000i\000\363\000n\000\040\000d\000e\000\040\000l\000o\000s\000\040\000d\000a\000t\000o\000s\000\040\000m\000i\000e\000m\000b\000r\000o}{section.5.1}% 21
\BOOKMARK [3][-]{subsubsection.5.1.4.1}{\376\377\0005\000.\0001\000.\0004\000.\0001\000\040\000p}{subsection.5.1.4}% 22
\BOOKMARK [1][-]{section.5.2}{\376\377\0005\000.\0002\000\040\000R\000e\000f\000e\000r\000e\000n\000c\000i\000a\000\040\000d\000e\000\040\000l\000a\000\040\000C\000l\000a\000s\000e\000\040\000C\000e\000l\000u\000l\000a}{chapter.5}% 23
\BOOKMARK [2][-]{subsection.5.2.1}{\376\377\0005\000.\0002\000.\0001\000\040\000D\000e\000s\000c\000r\000i\000p\000c\000i\000\363\000n\000\040\000d\000e\000t\000a\000l\000l\000a\000d\000a}{section.5.2}% 24
\BOOKMARK [2][-]{subsection.5.2.2}{\376\377\0005\000.\0002\000.\0002\000\040\000D\000o\000c\000u\000m\000e\000n\000t\000a\000c\000i\000\363\000n\000\040\000d\000e\000l\000\040\000c\000o\000n\000s\000t\000r\000u\000c\000t\000o\000r\000\040\000y\000\040\000d\000e\000s\000t\000r\000u\000c\000t\000o\000r}{section.5.2}% 25
\BOOKMARK [3][-]{subsubsection.5.2.2.1}{\376\377\0005\000.\0002\000.\0002\000.\0001\000\040\000C\000e\000l\000u\000l\000a\000\050\000\051}{subsection.5.2.2}% 26
\BOOKMARK [2][-]{subsection.5.2.3}{\376\377\0005\000.\0002\000.\0003\000\040\000D\000o\000c\000u\000m\000e\000n\000t\000a\000c\000i\000\363\000n\000\040\000d\000e\000\040\000l\000a\000s\000\040\000f\000u\000n\000c\000i\000o\000n\000e\000s\000\040\000m\000i\000e\000m\000b\000r\000o}{section.5.2}% 27
\BOOKMARK [3][-]{subsubsection.5.2.3.1}{\376\377\0005\000.\0002\000.\0003\000.\0001\000\040\000l\000u\000c\000h\000a\000c\000e\000l\000u\000l\000a\000s\000\050\000c\000o\000n\000s\000t\000\040\000C\000e\000l\000u\000l\000a\000\040\000c\0002\000\051\000\040\000c\000o\000n\000s\000t\000\040}{subsection.5.2.3}% 28
\BOOKMARK [3][-]{subsubsection.5.2.3.2}{\376\377\0005\000.\0002\000.\0003\000.\0002\000\040\000e\000s\000v\000a\000c\000i\000a\000\050\000\051\000\040\000c\000o\000n\000s\000t\000\040}{subsection.5.2.3}% 29
\BOOKMARK [3][-]{subsubsection.5.2.3.3}{\376\377\0005\000.\0002\000.\0003\000.\0003\000\040\000n\000u\000m\000p\000a\000r\000a\000m\000\050\000\051}{subsection.5.2.3}% 30
\BOOKMARK [3][-]{subsubsection.5.2.3.4}{\376\377\0005\000.\0002\000.\0003\000.\0004\000\040\000i\000d\000v\000a\000c\000i\000a\000\050\000\051}{subsection.5.2.3}% 31
\BOOKMARK [3][-]{subsubsection.5.2.3.5}{\376\377\0005\000.\0002\000.\0003\000.\0005\000\040\000l\000e\000e\000r\000\050\000i\000n\000t\000\040\000N\000\051}{subsection.5.2.3}% 32
\BOOKMARK [3][-]{subsubsection.5.2.3.6}{\376\377\0005\000.\0002\000.\0003\000.\0006\000\040\000e\000s\000c\000r\000i\000b\000i\000r\000\050\000\051\000\040\000c\000o\000n\000s\000t\000\040}{subsection.5.2.3}% 33
\BOOKMARK [2][-]{subsection.5.2.4}{\376\377\0005\000.\0002\000.\0004\000\040\000D\000o\000c\000u\000m\000e\000n\000t\000a\000c\000i\000\363\000n\000\040\000d\000e\000\040\000l\000o\000s\000\040\000d\000a\000t\000o\000s\000\040\000m\000i\000e\000m\000b\000r\000o}{section.5.2}% 34
\BOOKMARK [3][-]{subsubsection.5.2.4.1}{\376\377\0005\000.\0002\000.\0004\000.\0001\000\040\000I\000D\000V\000A\000C\000I\000A}{subsection.5.2.4}% 35
\BOOKMARK [3][-]{subsubsection.5.2.4.2}{\376\377\0005\000.\0002\000.\0004\000.\0002\000\040\000i\000d}{subsection.5.2.4}% 36
\BOOKMARK [3][-]{subsubsection.5.2.4.3}{\376\377\0005\000.\0002\000.\0004\000.\0003\000\040\000i\000t\000o\000l}{subsection.5.2.4}% 37
\BOOKMARK [3][-]{subsubsection.5.2.4.4}{\376\377\0005\000.\0002\000.\0004\000.\0004\000\040\000p\000a\000r\000a\000m}{subsection.5.2.4}% 38
\BOOKMARK [1][-]{section.5.3}{\376\377\0005\000.\0003\000\040\000R\000e\000f\000e\000r\000e\000n\000c\000i\000a\000\040\000d\000e\000\040\000l\000a\000\040\000E\000s\000t\000r\000u\000c\000t\000u\000r\000a\000\040\000B\000i\000n\000T\000r\000e\000e\000<\000\040\000T\000\040\000>\000:\000:\000N\000o\000d\000e}{chapter.5}% 39
\BOOKMARK [2][-]{subsection.5.3.1}{\376\377\0005\000.\0003\000.\0001\000\040\000D\000e\000s\000c\000r\000i\000p\000c\000i\000\363\000n\000\040\000d\000e\000t\000a\000l\000l\000a\000d\000a}{section.5.3}% 40
\BOOKMARK [2][-]{subsection.5.3.2}{\376\377\0005\000.\0003\000.\0002\000\040\000D\000o\000c\000u\000m\000e\000n\000t\000a\000c\000i\000\363\000n\000\040\000d\000e\000l\000\040\000c\000o\000n\000s\000t\000r\000u\000c\000t\000o\000r\000\040\000y\000\040\000d\000e\000s\000t\000r\000u\000c\000t\000o\000r}{section.5.3}% 41
\BOOKMARK [3][-]{subsubsection.5.3.2.1}{\376\377\0005\000.\0003\000.\0002\000.\0001\000\040\000N\000o\000d\000e\000\050\000c\000o\000n\000s\000t\000\040\000T\000\040\000x\000,\000\040\000s\000h\000a\000r\000e\000d\000p\000t\000r\000<\000N\000o\000d\000e\000\040\000>\000l\000e\000f\000t\000,\000\040\000s\000h\000a\000r\000e\000d\000p\000t\000r\000<\000N\000o\000d\000e\000\040\000>\000r\000i\000g\000h\000t\000\051}{subsection.5.3.2}% 42
\BOOKMARK [2][-]{subsection.5.3.3}{\376\377\0005\000.\0003\000.\0003\000\040\000D\000o\000c\000u\000m\000e\000n\000t\000a\000c\000i\000\363\000n\000\040\000d\000e\000\040\000l\000o\000s\000\040\000d\000a\000t\000o\000s\000\040\000m\000i\000e\000m\000b\000r\000o}{section.5.3}% 43
\BOOKMARK [3][-]{subsubsection.5.3.3.1}{\376\377\0005\000.\0003\000.\0003\000.\0001\000\040\000x}{subsection.5.3.3}% 44
\BOOKMARK [3][-]{subsubsection.5.3.3.2}{\376\377\0005\000.\0003\000.\0003\000.\0002\000\040\000l\000e\000f\000t}{subsection.5.3.3}% 45
\BOOKMARK [3][-]{subsubsection.5.3.3.3}{\376\377\0005\000.\0003\000.\0003\000.\0003\000\040\000r\000i\000g\000h\000t}{subsection.5.3.3}% 46
\BOOKMARK [1][-]{section.5.4}{\376\377\0005\000.\0004\000\040\000R\000e\000f\000e\000r\000e\000n\000c\000i\000a\000\040\000d\000e\000\040\000l\000a\000\040\000C\000l\000a\000s\000e\000\040\000O\000r\000g\000a\000n\000i\000s\000m\000o}{chapter.5}% 47
\BOOKMARK [2][-]{subsection.5.4.1}{\376\377\0005\000.\0004\000.\0001\000\040\000D\000e\000s\000c\000r\000i\000p\000c\000i\000\363\000n\000\040\000d\000e\000t\000a\000l\000l\000a\000d\000a}{section.5.4}% 48
\BOOKMARK [2][-]{subsection.5.4.2}{\376\377\0005\000.\0004\000.\0002\000\040\000D\000o\000c\000u\000m\000e\000n\000t\000a\000c\000i\000\363\000n\000\040\000d\000e\000l\000\040\000c\000o\000n\000s\000t\000r\000u\000c\000t\000o\000r\000\040\000y\000\040\000d\000e\000s\000t\000r\000u\000c\000t\000o\000r}{section.5.4}% 49
\BOOKMARK [3][-]{subsubsection.5.4.2.1}{\376\377\0005\000.\0004\000.\0002\000.\0001\000\040\000O\000r\000g\000a\000n\000i\000s\000m\000o\000\050\000\051}{subsection.5.4.2}% 50
\BOOKMARK [2][-]{subsection.5.4.3}{\376\377\0005\000.\0004\000.\0003\000\040\000D\000o\000c\000u\000m\000e\000n\000t\000a\000c\000i\000\363\000n\000\040\000d\000e\000\040\000l\000a\000s\000\040\000f\000u\000n\000c\000i\000o\000n\000e\000s\000\040\000m\000i\000e\000m\000b\000r\000o}{section.5.4}% 51
\BOOKMARK [3][-]{subsubsection.5.4.3.1}{\376\377\0005\000.\0004\000.\0003\000.\0001\000\040\000a\000n\000a\000d\000i\000r\000i\000d\000\050\000i\000n\000t\000\040\000i\000d\000\051}{subsection.5.4.3}% 52
\BOOKMARK [3][-]{subsubsection.5.4.3.2}{\376\377\0005\000.\0004\000.\0003\000.\0002\000\040\000i\000n\000c\000r\000e\000m\000e\000n\000t\000a\000r\000v\000i\000c\000t\000i\000m\000a\000s\000\050\000\051}{subsection.5.4.3}% 53
\BOOKMARK [3][-]{subsubsection.5.4.3.3}{\376\377\0005\000.\0004\000.\0003\000.\0003\000\040\000l\000u\000c\000h\000a\000o\000r\000g\000a\000n\000i\000s\000m\000o\000s\000\050\000c\000o\000n\000s\000t\000\040\000O\000r\000g\000a\000n\000i\000s\000m\000o\000\040\000o\0002\000\051\000\040\000c\000o\000n\000s\000t\000\040}{subsection.5.4.3}% 54
\BOOKMARK [3][-]{subsubsection.5.4.3.4}{\376\377\0005\000.\0004\000.\0003\000.\0004\000\040\000e\000s\000m\000a\000l\000i\000g\000n\000o\000\050\000\051\000\040\000c\000o\000n\000s\000t\000\040}{subsection.5.4.3}% 55
\BOOKMARK [3][-]{subsubsection.5.4.3.5}{\376\377\0005\000.\0004\000.\0003\000.\0005\000\040\000n\000u\000m\000v\000i\000c\000t\000i\000m\000a\000s\000\050\000\051\000\040\000c\000o\000n\000s\000t\000\040}{subsection.5.4.3}% 56
\BOOKMARK [3][-]{subsubsection.5.4.3.6}{\376\377\0005\000.\0004\000.\0003\000.\0006\000\040\000l\000e\000e\000r\000\050\000i\000n\000t\000\040\000N\000\051}{subsection.5.4.3}% 57
\BOOKMARK [3][-]{subsubsection.5.4.3.7}{\376\377\0005\000.\0004\000.\0003\000.\0007\000\040\000e\000s\000c\000r\000i\000b\000i\000r\000\050\000b\000o\000o\000l\000\040\000e\000s\000t\000r\000\051\000\040\000c\000o\000n\000s\000t\000\040}{subsection.5.4.3}% 58
\BOOKMARK [3][-]{subsubsection.5.4.3.8}{\376\377\0005\000.\0004\000.\0003\000.\0008\000\040\000s\000i\000m\000e\000t\000r\000i\000c\000o\000s\000\050\000c\000o\000n\000s\000t\000\040\000B\000i\000n\000T\000r\000e\000e\000<\000C\000e\000l\000u\000l\000a\000\040\000>\000a\0001\000,\000\040\000c\000o\000n\000s\000t\000\040\000B\000i\000n\000T\000r\000e\000e\000<\000C\000e\000l\000u\000l\000a\000\040\000>\000a\0002\000\051}{subsection.5.4.3}% 59
\BOOKMARK [3][-]{subsubsection.5.4.3.9}{\376\377\0005\000.\0004\000.\0003\000.\0009\000\040\000l\000u\000c\000h\000a\000a\000r\000b\000o\000l\000e\000s\000\050\000c\000o\000n\000s\000t\000\040\000B\000i\000n\000T\000r\000e\000e\000<\000C\000e\000l\000u\000l\000a\000\040\000>\000a\0001\000,\000\040\000c\000o\000n\000s\000t\000\040\000B\000i\000n\000T\000r\000e\000e\000<\000C\000e\000l\000u\000l\000a\000\040\000>\000a\0002\000\051}{subsection.5.4.3}% 60
\BOOKMARK [3][-]{subsubsection.5.4.3.10}{\376\377\0005\000.\0004\000.\0003\000.\0001\0000\000\040\000l\000e\000e\000r\000a\000r\000b\000o\000l\000c\000e\000l\000u\000l\000a\000s\000\050\000i\000n\000t\000\040\000N\000,\000\040\000B\000i\000n\000T\000r\000e\000e\000<\000C\000e\000l\000u\000l\000a\000\040\000>\000a\000\051}{subsection.5.4.3}% 61
\BOOKMARK [3][-]{subsubsection.5.4.3.11}{\376\377\0005\000.\0004\000.\0003\000.\0001\0001\000\040\000e\000s\000c\000r\000i\000b\000i\000r\000a\000r\000b\000o\000l\000c\000e\000l\000u\000l\000a\000s\000i\000d\000\050\000c\000o\000n\000s\000t\000\040\000B\000i\000n\000T\000r\000e\000e\000<\000C\000e\000l\000u\000l\000a\000\040\000>\000a\000\051}{subsection.5.4.3}% 62
\BOOKMARK [2][-]{subsection.5.4.4}{\376\377\0005\000.\0004\000.\0004\000\040\000D\000o\000c\000u\000m\000e\000n\000t\000a\000c\000i\000\363\000n\000\040\000d\000e\000\040\000l\000o\000s\000\040\000d\000a\000t\000o\000s\000\040\000m\000i\000e\000m\000b\000r\000o}{section.5.4}% 63
\BOOKMARK [3][-]{subsubsection.5.4.4.1}{\376\377\0005\000.\0004\000.\0004\000.\0001\000\040\000c\000e\000l\000u\000l\000a\000s}{subsection.5.4.4}% 64
\BOOKMARK [3][-]{subsubsection.5.4.4.2}{\376\377\0005\000.\0004\000.\0004\000.\0002\000\040\000i\000d}{subsection.5.4.4}% 65
\BOOKMARK [3][-]{subsubsection.5.4.4.3}{\376\377\0005\000.\0004\000.\0004\000.\0003\000\040\000m\000a\000l\000i\000g\000n\000o}{subsection.5.4.4}% 66
\BOOKMARK [3][-]{subsubsection.5.4.4.4}{\376\377\0005\000.\0004\000.\0004\000.\0004\000\040\000v\000i\000c\000t\000i\000m\000a\000s}{subsection.5.4.4}% 67
\BOOKMARK [1][-]{section.5.5}{\376\377\0005\000.\0005\000\040\000R\000e\000f\000e\000r\000e\000n\000c\000i\000a\000\040\000d\000e\000\040\000l\000a\000\040\000C\000l\000a\000s\000e\000\040\000P\000R\000O\0002\000E\000x\000c\000e\000p\000c\000i\000o}{chapter.5}% 68
\BOOKMARK [2][-]{subsection.5.5.1}{\376\377\0005\000.\0005\000.\0001\000\040\000D\000e\000s\000c\000r\000i\000p\000c\000i\000\363\000n\000\040\000d\000e\000t\000a\000l\000l\000a\000d\000a}{section.5.5}% 69
\BOOKMARK [2][-]{subsection.5.5.2}{\376\377\0005\000.\0005\000.\0002\000\040\000D\000o\000c\000u\000m\000e\000n\000t\000a\000c\000i\000\363\000n\000\040\000d\000e\000l\000\040\000c\000o\000n\000s\000t\000r\000u\000c\000t\000o\000r\000\040\000y\000\040\000d\000e\000s\000t\000r\000u\000c\000t\000o\000r}{section.5.5}% 70
\BOOKMARK [3][-]{subsubsection.5.5.2.1}{\376\377\0005\000.\0005\000.\0002\000.\0001\000\040\000P\000R\000O\0002\000E\000x\000c\000e\000p\000c\000i\000o\000\050\000c\000o\000n\000s\000t\000\040\000c\000h\000a\000r\000\040\000*\000m\000o\000t\000\051}{subsection.5.5.2}% 71
\BOOKMARK [2][-]{subsection.5.5.3}{\376\377\0005\000.\0005\000.\0003\000\040\000D\000o\000c\000u\000m\000e\000n\000t\000a\000c\000i\000\363\000n\000\040\000d\000e\000\040\000l\000a\000s\000\040\000f\000u\000n\000c\000i\000o\000n\000e\000s\000\040\000m\000i\000e\000m\000b\000r\000o}{section.5.5}% 72
\BOOKMARK [3][-]{subsubsection.5.5.3.1}{\376\377\0005\000.\0005\000.\0003\000.\0001\000\040\000w\000h\000a\000t\000\050\000\051\000\040\000c\000o\000n\000s\000t\000\040}{subsection.5.5.3}% 73
\BOOKMARK [2][-]{subsection.5.5.4}{\376\377\0005\000.\0005\000.\0004\000\040\000D\000o\000c\000u\000m\000e\000n\000t\000a\000c\000i\000\363\000n\000\040\000d\000e\000\040\000l\000o\000s\000\040\000d\000a\000t\000o\000s\000\040\000m\000i\000e\000m\000b\000r\000o}{section.5.5}% 74
\BOOKMARK [3][-]{subsubsection.5.5.4.1}{\376\377\0005\000.\0005\000.\0004\000.\0001\000\040\000m\000e\000n\000s\000a\000j\000e}{subsection.5.5.4}% 75
\BOOKMARK [1][-]{section.5.6}{\376\377\0005\000.\0006\000\040\000R\000e\000f\000e\000r\000e\000n\000c\000i\000a\000\040\000d\000e\000\040\000l\000a\000\040\000C\000l\000a\000s\000e\000\040\000S\000i\000s\000t\000e\000m\000a}{chapter.5}% 76
\BOOKMARK [2][-]{subsection.5.6.1}{\376\377\0005\000.\0006\000.\0001\000\040\000D\000e\000s\000c\000r\000i\000p\000c\000i\000\363\000n\000\040\000d\000e\000t\000a\000l\000l\000a\000d\000a}{section.5.6}% 77
\BOOKMARK [2][-]{subsection.5.6.2}{\376\377\0005\000.\0006\000.\0002\000\040\000D\000o\000c\000u\000m\000e\000n\000t\000a\000c\000i\000\363\000n\000\040\000d\000e\000l\000\040\000c\000o\000n\000s\000t\000r\000u\000c\000t\000o\000r\000\040\000y\000\040\000d\000e\000s\000t\000r\000u\000c\000t\000o\000r}{section.5.6}% 78
\BOOKMARK [3][-]{subsubsection.5.6.2.1}{\376\377\0005\000.\0006\000.\0002\000.\0001\000\040\000S\000i\000s\000t\000e\000m\000a\000\050\000\051}{subsection.5.6.2}% 79
\BOOKMARK [2][-]{subsection.5.6.3}{\376\377\0005\000.\0006\000.\0003\000\040\000D\000o\000c\000u\000m\000e\000n\000t\000a\000c\000i\000\363\000n\000\040\000d\000e\000\040\000l\000a\000s\000\040\000f\000u\000n\000c\000i\000o\000n\000e\000s\000\040\000m\000i\000e\000m\000b\000r\000o}{section.5.6}% 80
\BOOKMARK [3][-]{subsubsection.5.6.3.1}{\376\377\0005\000.\0006\000.\0003\000.\0001\000\040\000a\000n\000a\000d\000i\000r\000o\000r\000g\000a\000n\000i\000s\000m\000o\000\050\000O\000r\000g\000a\000n\000i\000s\000m\000o\000\040\000o\000,\000\040\000b\000o\000o\000l\000\040\000s\000o\000b\000r\000e\000v\000i\000v\000e\000\051}{subsection.5.6.3}% 81
\BOOKMARK [3][-]{subsubsection.5.6.3.2}{\376\377\0005\000.\0006\000.\0003\000.\0002\000\040\000l\000e\000e\000r\000\050\000i\000n\000t\000\040\000N\000\051}{subsection.5.6.3}% 82
\BOOKMARK [3][-]{subsubsection.5.6.3.3}{\376\377\0005\000.\0006\000.\0003\000.\0003\000\040\000e\000s\000c\000r\000i\000b\000i\000r\000\050\000b\000o\000o\000l\000\040\000t\000i\000p\000o\000,\000\040\000b\000o\000o\000l\000\040\000e\000s\000t\000r\000\051\000\040\000c\000o\000n\000s\000t\000\040}{subsection.5.6.3}% 83
\BOOKMARK [3][-]{subsubsection.5.6.3.4}{\376\377\0005\000.\0006\000.\0003\000.\0004\000\040\000l\000u\000c\000h\000a\000s\000o\000r\000g\000c\000o\000l\000a\000\050\000q\000u\000e\000u\000e\000<\000O\000r\000g\000a\000n\000i\000s\000m\000o\000\040\000>\000c\000,\000\040\000O\000r\000g\000a\000n\000i\000s\000m\000o\000\040\000o\000,\000\040\000b\000o\000o\000l\000\040\000s\000o\000b\000r\000e\000v\000i\000v\000e\000\051}{subsection.5.6.3}% 84
\BOOKMARK [3][-]{subsubsection.5.6.3.5}{\376\377\0005\000.\0006\000.\0003\000.\0005\000\040\000c\000l\000e\000a\000r\000\050\000q\000u\000e\000u\000e\000<\000O\000r\000g\000a\000n\000i\000s\000m\000o\000\040\000>\000q\000\051}{subsection.5.6.3}% 85
\BOOKMARK [3][-]{subsubsection.5.6.3.6}{\376\377\0005\000.\0006\000.\0003\000.\0006\000\040\000r\000e\000c\000o\000l\000o\000c\000a\000r\000\050\000i\000n\000t\000\040\000n\000,\000\040\000q\000u\000e\000u\000e\000<\000O\000r\000g\000a\000n\000i\000s\000m\000o\000\040\000>\000c\000\051}{subsection.5.6.3}% 86
\BOOKMARK [3][-]{subsubsection.5.6.3.7}{\376\377\0005\000.\0006\000.\0003\000.\0007\000\040\000e\000s\000c\000r\000i\000b\000i\000r\000s\000i\000s\000t\000e\000m\000a\000c\000o\000l\000a\000\050\000c\000o\000n\000s\000t\000\040\000q\000u\000e\000u\000e\000<\000O\000r\000g\000a\000n\000i\000s\000m\000o\000\040\000>\000c\000,\000\040\000b\000o\000o\000l\000\040\000e\000s\000t\000r\000\051}{subsection.5.6.3}% 87
\BOOKMARK [2][-]{subsection.5.6.4}{\376\377\0005\000.\0006\000.\0004\000\040\000D\000o\000c\000u\000m\000e\000n\000t\000a\000c\000i\000\363\000n\000\040\000d\000e\000\040\000l\000o\000s\000\040\000d\000a\000t\000o\000s\000\040\000m\000i\000e\000m\000b\000r\000o}{section.5.6}% 88
\BOOKMARK [3][-]{subsubsection.5.6.4.1}{\376\377\0005\000.\0006\000.\0004\000.\0001\000\040\000d\000e\000f}{subsection.5.6.4}% 89
\BOOKMARK [3][-]{subsubsection.5.6.4.2}{\376\377\0005\000.\0006\000.\0004\000.\0002\000\040\000m\000a\000l}{subsection.5.6.4}% 90
\BOOKMARK [3][-]{subsubsection.5.6.4.3}{\376\377\0005\000.\0006\000.\0004\000.\0003\000\040\000i\000d}{subsection.5.6.4}% 91
\BOOKMARK [0][-]{chapter.6}{\376\377\0006\000\040\000D\000o\000c\000u\000m\000e\000n\000t\000a\000c\000i\000\363\000n\000\040\000d\000e\000\040\000a\000r\000c\000h\000i\000v\000o\000s}{}% 92
\BOOKMARK [1][-]{section.6.1}{\376\377\0006\000.\0001\000\040\000R\000e\000f\000e\000r\000e\000n\000c\000i\000a\000\040\000d\000e\000l\000\040\000A\000r\000c\000h\000i\000v\000o\000\040\000B\000i\000n\000T\000r\000e\000e\000.\000h\000h}{chapter.6}% 93
\BOOKMARK [1][-]{section.6.2}{\376\377\0006\000.\0002\000\040\000R\000e\000f\000e\000r\000e\000n\000c\000i\000a\000\040\000d\000e\000l\000\040\000A\000r\000c\000h\000i\000v\000o\000\040\000C\000e\000l\000u\000l\000a\000.\000c\000c}{chapter.6}% 94
\BOOKMARK [2][-]{subsection.6.2.1}{\376\377\0006\000.\0002\000.\0001\000\040\000D\000e\000s\000c\000r\000i\000p\000c\000i\000\363\000n\000\040\000d\000e\000t\000a\000l\000l\000a\000d\000a}{section.6.2}% 95
\BOOKMARK [1][-]{section.6.3}{\376\377\0006\000.\0003\000\040\000R\000e\000f\000e\000r\000e\000n\000c\000i\000a\000\040\000d\000e\000l\000\040\000A\000r\000c\000h\000i\000v\000o\000\040\000C\000e\000l\000u\000l\000a\000.\000h\000h}{chapter.6}% 96
\BOOKMARK [2][-]{subsection.6.3.1}{\376\377\0006\000.\0003\000.\0001\000\040\000D\000e\000s\000c\000r\000i\000p\000c\000i\000\363\000n\000\040\000d\000e\000t\000a\000l\000l\000a\000d\000a}{section.6.3}% 97
\BOOKMARK [1][-]{section.6.4}{\376\377\0006\000.\0004\000\040\000R\000e\000f\000e\000r\000e\000n\000c\000i\000a\000\040\000d\000e\000l\000\040\000A\000r\000c\000h\000i\000v\000o\000\040\000O\000r\000g\000a\000n\000i\000s\000m\000o\000.\000c\000c}{chapter.6}% 98
\BOOKMARK [2][-]{subsection.6.4.1}{\376\377\0006\000.\0004\000.\0001\000\040\000D\000e\000s\000c\000r\000i\000p\000c\000i\000\363\000n\000\040\000d\000e\000t\000a\000l\000l\000a\000d\000a}{section.6.4}% 99
\BOOKMARK [1][-]{section.6.5}{\376\377\0006\000.\0005\000\040\000R\000e\000f\000e\000r\000e\000n\000c\000i\000a\000\040\000d\000e\000l\000\040\000A\000r\000c\000h\000i\000v\000o\000\040\000O\000r\000g\000a\000n\000i\000s\000m\000o\000.\000h\000h}{chapter.6}% 100
\BOOKMARK [2][-]{subsection.6.5.1}{\376\377\0006\000.\0005\000.\0001\000\040\000D\000e\000s\000c\000r\000i\000p\000c\000i\000\363\000n\000\040\000d\000e\000t\000a\000l\000l\000a\000d\000a}{section.6.5}% 101
\BOOKMARK [1][-]{section.6.6}{\376\377\0006\000.\0006\000\040\000R\000e\000f\000e\000r\000e\000n\000c\000i\000a\000\040\000d\000e\000l\000\040\000A\000r\000c\000h\000i\000v\000o\000\040\000p\000r\000o\0002\000.\000c\000c}{chapter.6}% 102
\BOOKMARK [2][-]{subsection.6.6.1}{\376\377\0006\000.\0006\000.\0001\000\040\000D\000e\000s\000c\000r\000i\000p\000c\000i\000\363\000n\000\040\000d\000e\000t\000a\000l\000l\000a\000d\000a}{section.6.6}% 103
\BOOKMARK [2][-]{subsection.6.6.2}{\376\377\0006\000.\0006\000.\0002\000\040\000D\000o\000c\000u\000m\000e\000n\000t\000a\000c\000i\000\363\000n\000\040\000d\000e\000\040\000l\000a\000s\000\040\000f\000u\000n\000c\000i\000o\000n\000e\000s}{section.6.6}% 104
\BOOKMARK [3][-]{subsubsection.6.6.2.1}{\376\377\0006\000.\0006\000.\0002\000.\0001\000\040\000m\000a\000i\000n\000\050\000\051}{subsection.6.6.2}% 105
\BOOKMARK [1][-]{section.6.7}{\376\377\0006\000.\0007\000\040\000R\000e\000f\000e\000r\000e\000n\000c\000i\000a\000\040\000d\000e\000l\000\040\000A\000r\000c\000h\000i\000v\000o\000\040\000P\000R\000O\0002\000E\000x\000c\000e\000p\000c\000i\000o\000.\000h\000h}{chapter.6}% 106
\BOOKMARK [1][-]{section.6.8}{\376\377\0006\000.\0008\000\040\000R\000e\000f\000e\000r\000e\000n\000c\000i\000a\000\040\000d\000e\000l\000\040\000A\000r\000c\000h\000i\000v\000o\000\040\000r\000e\000a\000d\000b\000o\000o\000l\000.\000h\000h}{chapter.6}% 107
\BOOKMARK [2][-]{subsection.6.8.1}{\376\377\0006\000.\0008\000.\0001\000\040\000D\000e\000s\000c\000r\000i\000p\000c\000i\000\363\000n\000\040\000d\000e\000t\000a\000l\000l\000a\000d\000a}{section.6.8}% 108
\BOOKMARK [2][-]{subsection.6.8.2}{\376\377\0006\000.\0008\000.\0002\000\040\000D\000o\000c\000u\000m\000e\000n\000t\000a\000c\000i\000\363\000n\000\040\000d\000e\000\040\000l\000a\000s\000\040\000f\000u\000n\000c\000i\000o\000n\000e\000s}{section.6.8}% 109
\BOOKMARK [3][-]{subsubsection.6.8.2.1}{\376\377\0006\000.\0008\000.\0002\000.\0001\000\040\000r\000e\000a\000d\000b\000o\000o\000l\000\050\000\051}{subsection.6.8.2}% 110
\BOOKMARK [1][-]{section.6.9}{\376\377\0006\000.\0009\000\040\000R\000e\000f\000e\000r\000e\000n\000c\000i\000a\000\040\000d\000e\000l\000\040\000A\000r\000c\000h\000i\000v\000o\000\040\000S\000i\000s\000t\000e\000m\000a\000.\000c\000c}{chapter.6}% 111
\BOOKMARK [2][-]{subsection.6.9.1}{\376\377\0006\000.\0009\000.\0001\000\040\000D\000e\000s\000c\000r\000i\000p\000c\000i\000\363\000n\000\040\000d\000e\000t\000a\000l\000l\000a\000d\000a}{section.6.9}% 112
\BOOKMARK [1][-]{section.6.10}{\376\377\0006\000.\0001\0000\000\040\000R\000e\000f\000e\000r\000e\000n\000c\000i\000a\000\040\000d\000e\000l\000\040\000A\000r\000c\000h\000i\000v\000o\000\040\000S\000i\000s\000t\000e\000m\000a\000.\000h\000h}{chapter.6}% 113
\BOOKMARK [2][-]{subsection.6.10.1}{\376\377\0006\000.\0001\0000\000.\0001\000\040\000D\000e\000s\000c\000r\000i\000p\000c\000i\000\363\000n\000\040\000d\000e\000t\000a\000l\000l\000a\000d\000a}{section.6.10}% 114
\BOOKMARK [0][-]{section*.37}{\376\377\000\315\000n\000d\000i\000c\000e}{}% 115
